<?xml version="1.0" encoding="UTF-8"?>
<testsuite xmlns:xsi="http://www.w3.org/2001/XMLSchema-instance" xsi:noNamespaceSchemaLocation="https://maven.apache.org/surefire/maven-surefire-plugin/xsd/surefire-test-report.xsd" version="3.0.2" name="pizzaria.com.laromana.LaromanaApplicationTests" time="11.836" tests="1" errors="0" skipped="0" failures="0" flakes="0">
  <properties>
[...]
</properties>
  <testcase name="contextLoads" classname="pizzaria.com.laromana.LaromanaApplicationTests" time="0.942">
    <system-out><![CDATA[17:23:08.990 [main] INFO org.springframework.test.context.support.AnnotationConfigContextLoaderUtils -- Could not detect default configuration classes for test class [pizzaria.com.laromana.LaromanaApplicationTests]: LaromanaApplicationTests does not declare any static, non-private, non-final, nested classes annotated with @Configuration.
17:23:09.153 [main] INFO org.springframework.boot.test.context.SpringBootTestContextBootstrapper -- Found @SpringBootConfiguration pizzaria.com.laromana.LaromanaApplication for test class pizzaria.com.laromana.LaromanaApplicationTests
17:23:09.302 [main] INFO org.springframework.test.context.support.AnnotationConfigContextLoaderUtils -- Could not detect default configuration classes for test class [pizzaria.com.laromana.LaromanaApplicationTests]: LaromanaApplicationTests does not declare any static, non-private, non-final, nested classes annotated with @Configuration.
17:23:09.305 [main] INFO org.springframework.boot.test.context.SpringBootTestContextBootstrapper -- Found @SpringBootConfiguration pizzaria.com.laromana.LaromanaApplication for test class pizzaria.com.laromana.LaromanaApplicationTests

  .   ____          _            __ _ _
 /\\ / ___'_ __ _ _(_)_ __  __ _ \ \ \ \
( ( )\___ | '_ | '_| | '_ \/ _` | \ \ \ \
 \\/  ___)| |_)| | | | | || (_| |  ) ) ) )
  '  |____| .__|_| |_|_| |_\__, | / / / /
 =========|_|==============|___/=/_/_/_/

 :: Spring Boot ::                (v4.0.5)

2026-04-24T17:23:10.132-03:00  INFO 45180 --- [           main] p.com.laromana.LaromanaApplicationTests  : Starting LaromanaApplicationTests using Java 17.0.18 with PID 45180 (started by julia in C:\Users\julia\Downloads\laromana\laromana)
2026-04-24T17:23:10.136-03:00  INFO 45180 --- [           main] p.com.laromana.LaromanaApplicationTests  : No active profile set, falling back to 1 default profile: "default"
2026-04-24T17:23:11.385-03:00  INFO 45180 --- [           main] .s.d.r.c.RepositoryConfigurationDelegate : Bootstrapping Spring Data JPA repositories in DEFAULT mode.
2026-04-24T17:23:11.423-03:00  INFO 45180 --- [           main] .s.d.r.c.RepositoryConfigurationDelegate : Finished Spring Data repository scanning in 15 ms. Found 0 JPA repository interfaces.
2026-04-24T17:23:12.175-03:00  INFO 45180 --- [           main] org.hibernate.orm.jpa                    : HHH008540: Processing PersistenceUnitInfo [name: default]
2026-04-24T17:23:12.334-03:00  INFO 45180 --- [           main] org.hibernate.orm.core                   : HHH000001: Hibernate ORM core version 7.2.7.Final
2026-04-24T17:23:13.782-03:00  INFO 45180 --- [           main] o.s.o.j.p.SpringPersistenceUnitInfo      : No LoadTimeWeaver setup: ignoring JPA class transformer
2026-04-24T17:23:13.883-03:00  INFO 45180 --- [           main] com.zaxxer.hikari.HikariDataSource       : HikariPool-1 - Starting...
2026-04-24T17:23:16.743-03:00  INFO 45180 --- [           main] com.zaxxer.hikari.pool.HikariPool        : HikariPool-1 - Added connection com.mysql.cj.jdbc.ConnectionImpl@72b1df49
2026-04-24T17:23:16.747-03:00  INFO 45180 --- [           main] com.zaxxer.hikari.HikariDataSource       : HikariPool-1 - Start completed.
2026-04-24T17:23:17.229-03:00  WARN 45180 --- [           main] org.hibernate.orm.deprecation            : HHH90000025: MySQLDialect does not need to be specified explicitly using 'hibernate.dialect' (remove the property setting and it will be selected by default)
2026-04-24T17:23:17.456-03:00  INFO 45180 --- [           main] org.hibernate.orm.connections.pooling    : HHH10001005: Database info:
	Database JDBC URL [jdbc:mysql://shortline.proxy.rlwy.net:17233/Inter2026?useSSL=true&requireSSL=true]
	Database driver: MySQL Connector/J
	Database dialect: MySQLDialect
	Database version: 9.4
	Default catalog/schema: Inter2026/undefined
	Autocommit mode: undefined/unknown
	Isolation level: REPEATABLE_READ [default REPEATABLE_READ]
	JDBC fetch size: none
	Pool: DataSourceConnectionProvider
	Minimum pool size: undefined/unknown
	Maximum pool size: undefined/unknown
2026-04-24T17:23:18.409-03:00  INFO 45180 --- [           main] org.hibernate.orm.core                   : HHH000489: No JTA platform available (set 'hibernate.transaction.jta.platform' to enable JTA platform integration)
2026-04-24T17:23:18.420-03:00  INFO 45180 --- [           main] j.LocalContainerEntityManagerFactoryBean : Initialized JPA EntityManagerFactory for persistence unit 'default'
2026-04-24T17:23:18.591-03:00  WARN 45180 --- [           main] JpaBaseConfiguration$JpaWebConfiguration : spring.jpa.open-in-view is enabled by default. Therefore, database queries may be performed during view rendering. Explicitly configure spring.jpa.open-in-view to disable this warning
2026-04-24T17:23:19.477-03:00  INFO 45180 --- [           main] p.com.laromana.LaromanaApplicationTests  : Started LaromanaApplicationTests in 10.002 seconds (process running for 12.106)
]]></system-out>
  </testcase>
</testsuite>